2025-10-15 10:13:28 | INFO     | optimizer_20251015_101328 | info:139 | ================================================================================
2025-10-15 10:13:28 | INFO     | optimizer_20251015_101328 | info:139 | YOLOv8 Model Optimizer Initialized
2025-10-15 10:13:28 | INFO     | optimizer_20251015_101328 | info:139 | Base model: results/runs/train/weights/best.pt
2025-10-15 10:13:28 | INFO     | optimizer_20251015_101328 | info:139 | Optimization goal: map50
2025-10-15 10:13:28 | INFO     | optimizer_20251015_101328 | info:139 | Target score: 0.9
2025-10-15 10:13:28 | INFO     | optimizer_20251015_101328 | info:139 | ================================================================================
2025-10-15 10:13:28 | INFO     | optimizer_20251015_101328 | info:139 | ================================================================================
2025-10-15 10:13:28 | INFO     | optimizer_20251015_101328 | info:139 | STARTING OPTIMIZATION PROCESS
2025-10-15 10:13:28 | INFO     | optimizer_20251015_101328 | info:139 | Strategies to try: 1
2025-10-15 10:13:28 | INFO     | optimizer_20251015_101328 | info:139 | ================================================================================
2025-10-15 10:13:28 | INFO     | optimizer_20251015_101328 | info:139 | 
################################################################################
2025-10-15 10:13:28 | INFO     | optimizer_20251015_101328 | info:139 | # OPTIMIZATION 1/1
2025-10-15 10:13:28 | INFO     | optimizer_20251015_101328 | info:139 | ################################################################################
2025-10-15 10:13:28 | INFO     | optimizer_20251015_101328 | info:139 | 
================================================================================
2025-10-15 10:13:28 | INFO     | optimizer_20251015_101328 | info:139 | Training Strategy: Extended Training
2025-10-15 10:13:28 | INFO     | optimizer_20251015_101328 | info:139 | Description: More epochs with cosine annealing
2025-10-15 10:13:28 | INFO     | optimizer_20251015_101328 | info:139 | ================================================================================

2025-10-15 10:13:29 | INFO     | optimizer_20251015_101328 | info:139 | Training parameters:
2025-10-15 10:13:29 | INFO     | optimizer_20251015_101328 | info:139 |   epochs: 400
2025-10-15 10:13:29 | INFO     | optimizer_20251015_101328 | info:139 |   patience: 75
2025-10-15 10:13:29 | INFO     | optimizer_20251015_101328 | info:139 |   close_mosaic: 20
2025-10-15 10:13:29 | INFO     | optimizer_20251015_101328 | info:139 | 
Starting training...
2025-10-15 12:46:53 | INFO     | optimizer_20251015_101328 | info:139 | 
Validating model...
2025-10-15 12:47:06 | INFO     | optimizer_20251015_101328 | info:139 | 
================================================================================
2025-10-15 12:47:06 | INFO     | optimizer_20251015_101328 | info:139 | Training Results:
2025-10-15 12:47:06 | INFO     | optimizer_20251015_101328 | info:139 |   mAP@0.5: 0.8580
2025-10-15 12:47:06 | INFO     | optimizer_20251015_101328 | info:139 |   mAP@0.5:0.95: 0.7655
2025-10-15 12:47:06 | INFO     | optimizer_20251015_101328 | info:139 |   Precision: 0.9580
2025-10-15 12:47:06 | INFO     | optimizer_20251015_101328 | info:139 |   Recall: 0.7431
2025-10-15 12:47:06 | INFO     | optimizer_20251015_101328 | info:139 | ================================================================================

2025-10-15 12:47:06 | INFO     | optimizer_20251015_101328 | info:139 | 
================================================================================
2025-10-15 12:47:06 | INFO     | optimizer_20251015_101328 | info:139 | OPTIMIZATION COMPLETE
2025-10-15 12:47:06 | INFO     | optimizer_20251015_101328 | info:139 | ================================================================================
2025-10-15 12:47:06 | INFO     | optimizer_20251015_101328 | info:139 | 
All Results:
2025-10-15 12:47:06 | INFO     | optimizer_20251015_101328 | info:139 |   Extended Training: mAP@0.5=0.8580, mAP@0.5:0.95=0.7655
2025-10-15 12:47:06 | INFO     | optimizer_20251015_101328 | info:139 | 
🏆 Best Strategy: Extended Training
2025-10-15 12:47:06 | INFO     | optimizer_20251015_101328 | info:139 |   mAP@0.5: 0.8580
2025-10-15 12:47:06 | INFO     | optimizer_20251015_101328 | info:139 |   mAP@0.5:0.95: 0.7655
2025-10-15 12:47:06 | INFO     | optimizer_20251015_101328 | info:139 |   Precision: 0.9580
2025-10-15 12:47:06 | INFO     | optimizer_20251015_101328 | info:139 |   Recall: 0.7431
2025-10-15 12:47:06 | INFO     | optimizer_20251015_101328 | info:139 |   Model: optimization_runs/strategy_4_extended_training_20251015_101328/weights/best.pt
2025-10-15 12:47:06 | INFO     | optimizer_20251015_101328 | info:139 | 
📈 Improvement: +0.0146
2025-10-15 12:47:06 | INFO     | optimizer_20251015_101328 | info:139 | ================================================================================
2025-10-15 12:47:06 | INFO     | optimizer_20251015_101328 | info:139 | 
Results saved to: optimization_runs/optimization_results.json
