2025-10-14 09:24:19 | INFO     | train_20251014_092419 | info:139 | ================================================================================
2025-10-14 09:24:19 | INFO     | train_20251014_092419 | info:139 | YOLOv8m Training Pipeline Initialized
2025-10-14 09:24:19 | INFO     | train_20251014_092419 | info:139 | ================================================================================
2025-10-14 09:24:19 | INFO     | train_20251014_092419 | info:139 | ================================================================================
2025-10-14 09:24:19 | INFO     | train_20251014_092419 | info:139 | Training Configuration
2025-10-14 09:24:19 | INFO     | train_20251014_092419 | info:139 | ================================================================================
2025-10-14 09:24:19 | INFO     | train_20251014_092419 | info:139 | epochs: 300
2025-10-14 09:24:19 | INFO     | train_20251014_092419 | info:139 | batch_size: 32
2025-10-14 09:24:19 | INFO     | train_20251014_092419 | info:139 | image_size: 640
2025-10-14 09:24:19 | INFO     | train_20251014_092419 | info:139 | cache_images: True
2025-10-14 09:24:19 | INFO     | train_20251014_092419 | info:139 | optimizer: AdamW
2025-10-14 09:24:19 | INFO     | train_20251014_092419 | info:139 | learning_rate: 0.0003
2025-10-14 09:24:19 | INFO     | train_20251014_092419 | info:139 | weight_decay: 0.0005
2025-10-14 09:24:19 | INFO     | train_20251014_092419 | info:139 | momentum: 0.937
2025-10-14 09:24:19 | INFO     | train_20251014_092419 | info:139 | lr_scheduler: cosine
2025-10-14 09:24:19 | INFO     | train_20251014_092419 | info:139 | warmup_epochs: 3
2025-10-14 09:24:19 | INFO     | train_20251014_092419 | info:139 | warmup_bias_lr: 0.1
2025-10-14 09:24:19 | INFO     | train_20251014_092419 | info:139 | warmup_momentum: 0.8
2025-10-14 09:24:19 | INFO     | train_20251014_092419 | info:139 | box_loss_gain: 7.5
2025-10-14 09:24:19 | INFO     | train_20251014_092419 | info:139 | cls_loss_gain: 0.5
2025-10-14 09:24:19 | INFO     | train_20251014_092419 | info:139 | dfl_loss_gain: 1.5
2025-10-14 09:24:19 | INFO     | train_20251014_092419 | info:139 | multi_scale: True
2025-10-14 09:24:19 | INFO     | train_20251014_092419 | info:139 | scale_range: [0.5, 1.5]
2025-10-14 09:24:19 | INFO     | train_20251014_092419 | info:139 | amp: True
2025-10-14 09:24:19 | INFO     | train_20251014_092419 | info:139 | patience: 50
2025-10-14 09:24:19 | INFO     | train_20251014_092419 | info:139 | device: 0
2025-10-14 09:24:19 | INFO     | train_20251014_092419 | info:139 | workers: 8
2025-10-14 09:24:19 | INFO     | train_20251014_092419 | info:139 | ================================================================================
2025-10-14 09:24:19 | INFO     | train_20251014_092419 | info:139 | ================================================================================
2025-10-14 09:24:19 | INFO     | train_20251014_092419 | info:139 | Dataset Configuration
2025-10-14 09:24:19 | INFO     | train_20251014_092419 | info:139 | ================================================================================
2025-10-14 09:24:19 | INFO     | train_20251014_092419 | info:139 | path: ./datasets
2025-10-14 09:24:19 | INFO     | train_20251014_092419 | info:139 | train: train/images
2025-10-14 09:24:19 | INFO     | train_20251014_092419 | info:139 | val: val/images
2025-10-14 09:24:19 | INFO     | train_20251014_092419 | info:139 | test: test/images
2025-10-14 09:24:19 | INFO     | train_20251014_092419 | info:139 | nc: 7
2025-10-14 09:24:19 | INFO     | train_20251014_092419 | info:139 | names:
2025-10-14 09:24:19 | INFO     | train_20251014_092419 | info:139 |   0: OxygenTank
2025-10-14 09:24:19 | INFO     | train_20251014_092419 | info:139 |   1: NitrogenTank
2025-10-14 09:24:19 | INFO     | train_20251014_092419 | info:139 |   2: FirstAidBox
2025-10-14 09:24:19 | INFO     | train_20251014_092419 | info:139 |   3: FireAlarm
2025-10-14 09:24:19 | INFO     | train_20251014_092419 | info:139 |   4: SafetySwitchPanel
2025-10-14 09:24:19 | INFO     | train_20251014_092419 | info:139 |   5: EmergencyPhone
2025-10-14 09:24:19 | INFO     | train_20251014_092419 | info:139 |   6: FireExtinguisher
2025-10-14 09:24:19 | INFO     | train_20251014_092419 | info:139 | metadata:
2025-10-14 09:24:19 | INFO     | train_20251014_092419 | info:139 |   version: 1.0
2025-10-14 09:24:19 | INFO     | train_20251014_092419 | info:139 |   created: 2025-10-14
2025-10-14 09:24:19 | INFO     | train_20251014_092419 | info:139 |   description: Synthetic space station safety object detection dataset with varied lighting and occlusion conditions
2025-10-14 09:24:19 | INFO     | train_20251014_092419 | info:139 |   lighting_conditions: ['vlight', 'light', 'dark', 'vdark']
2025-10-14 09:24:19 | INFO     | train_20251014_092419 | info:139 |   occlusion_conditions: ['unclutter', 'clutter']
2025-10-14 09:24:19 | INFO     | train_20251014_092419 | info:139 |   scene_types: ['hallway', 'room', 'cluttered_hallway', 'cluttered_room']
2025-10-14 09:24:19 | INFO     | train_20251014_092419 | info:139 | image_format: png
2025-10-14 09:24:19 | INFO     | train_20251014_092419 | info:139 | image_size: [640, 640]
2025-10-14 09:24:19 | INFO     | train_20251014_092419 | info:139 | label_format: yolo
2025-10-14 09:24:19 | INFO     | train_20251014_092419 | info:139 | ================================================================================
2025-10-14 09:24:19 | INFO     | train_20251014_092419 | info:139 | Using GPU: Tesla V100-SXM2-16GB (cuda:0)
2025-10-14 09:24:19 | INFO     | train_20251014_092419 | info:139 | Loading pre-trained model: yolov8m.pt
2025-10-14 09:24:19 | INFO     | train_20251014_092419 | info:139 | Model architecture: yolov8m
2025-10-14 09:24:19 | INFO     | train_20251014_092419 | info:139 | Number of classes: 7
2025-10-14 09:24:19 | INFO     | train_20251014_092419 | info:139 | Early stopping enabled (patience=50)
2025-10-14 09:24:19 | INFO     | train_20251014_092419 | info:139 | Model checkpointing enabled (save_dir=./models)
2025-10-14 09:24:19 | INFO     | train_20251014_092419 | info:139 | Trainer initialization complete
2025-10-14 09:24:19 | INFO     | train_20251014_092419 | info:139 | ================================================================================
2025-10-14 09:24:19 | INFO     | train_20251014_092419 | info:139 | Starting Training
2025-10-14 09:24:19 | INFO     | train_20251014_092419 | info:139 | ================================================================================
2025-10-14 09:24:19 | INFO     | train_20251014_092419 | info:139 | Training Parameters:
2025-10-14 09:24:19 | INFO     | train_20251014_092419 | info:139 |   data: /home/namannayak_16/final/yolov8/configs/dataset.yaml
2025-10-14 09:24:19 | INFO     | train_20251014_092419 | info:139 |   epochs: 300
2025-10-14 09:24:19 | INFO     | train_20251014_092419 | info:139 |   batch: 32
2025-10-14 09:24:19 | INFO     | train_20251014_092419 | info:139 |   imgsz: 640
2025-10-14 09:24:19 | INFO     | train_20251014_092419 | info:139 |   device: cuda:0
2025-10-14 09:24:19 | INFO     | train_20251014_092419 | info:139 |   workers: 8
2025-10-14 09:24:19 | INFO     | train_20251014_092419 | info:139 |   optimizer: AdamW
2025-10-14 09:24:19 | INFO     | train_20251014_092419 | info:139 |   lr0: 0.0003
2025-10-14 09:24:19 | INFO     | train_20251014_092419 | info:139 |   weight_decay: 0.0005
2025-10-14 09:24:19 | INFO     | train_20251014_092419 | info:139 |   momentum: 0.937
2025-10-14 09:24:19 | INFO     | train_20251014_092419 | info:139 |   lrf: 0.01
2025-10-14 09:24:19 | INFO     | train_20251014_092419 | info:139 |   warmup_epochs: 3
2025-10-14 09:24:19 | INFO     | train_20251014_092419 | info:139 |   warmup_bias_lr: 0.1
2025-10-14 09:24:19 | INFO     | train_20251014_092419 | info:139 |   warmup_momentum: 0.8
2025-10-14 09:24:19 | INFO     | train_20251014_092419 | info:139 |   box: 7.5
2025-10-14 09:24:19 | INFO     | train_20251014_092419 | info:139 |   cls: 0.5
2025-10-14 09:24:19 | INFO     | train_20251014_092419 | info:139 |   dfl: 1.5
2025-10-14 09:24:19 | INFO     | train_20251014_092419 | info:139 |   hsv_h: 0.015
2025-10-14 09:24:19 | INFO     | train_20251014_092419 | info:139 |   hsv_s: 0.7
2025-10-14 09:24:19 | INFO     | train_20251014_092419 | info:139 |   hsv_v: 0.4
2025-10-14 09:24:19 | INFO     | train_20251014_092419 | info:139 |   degrees: 10.0
2025-10-14 09:24:19 | INFO     | train_20251014_092419 | info:139 |   translate: 0.1
2025-10-14 09:24:19 | INFO     | train_20251014_092419 | info:139 |   scale: 0.5
2025-10-14 09:24:19 | INFO     | train_20251014_092419 | info:139 |   shear: 0.0
2025-10-14 09:24:19 | INFO     | train_20251014_092419 | info:139 |   perspective: 0.0
2025-10-14 09:24:19 | INFO     | train_20251014_092419 | info:139 |   flipud: 0.0
2025-10-14 09:24:19 | INFO     | train_20251014_092419 | info:139 |   fliplr: 0.5
2025-10-14 09:24:19 | INFO     | train_20251014_092419 | info:139 |   mosaic: 0.8
2025-10-14 09:24:19 | INFO     | train_20251014_092419 | info:139 |   mixup: 0.1
2025-10-14 09:24:19 | INFO     | train_20251014_092419 | info:139 |   copy_paste: 0.05
2025-10-14 09:24:19 | INFO     | train_20251014_092419 | info:139 |   erasing: 0.4
2025-10-14 09:24:19 | INFO     | train_20251014_092419 | info:139 |   multi_scale: True
2025-10-14 09:24:19 | INFO     | train_20251014_092419 | info:139 |   amp: True
2025-10-14 09:24:19 | INFO     | train_20251014_092419 | info:139 |   val: True
2025-10-14 09:24:19 | INFO     | train_20251014_092419 | info:139 |   save: True
2025-10-14 09:24:19 | INFO     | train_20251014_092419 | info:139 |   save_period: 10
2025-10-14 09:24:19 | INFO     | train_20251014_092419 | info:139 |   conf: 0.001
2025-10-14 09:24:19 | INFO     | train_20251014_092419 | info:139 |   iou: 0.7
2025-10-14 09:24:19 | INFO     | train_20251014_092419 | info:139 |   max_det: 300
2025-10-14 09:24:19 | INFO     | train_20251014_092419 | info:139 |   project: ./results/runs
2025-10-14 09:24:19 | INFO     | train_20251014_092419 | info:139 |   name: train
2025-10-14 09:24:19 | INFO     | train_20251014_092419 | info:139 |   exist_ok: True
2025-10-14 09:24:19 | INFO     | train_20251014_092419 | info:139 |   plots: True
2025-10-14 09:24:19 | INFO     | train_20251014_092419 | info:139 |   verbose: True
2025-10-14 09:24:19 | INFO     | train_20251014_092419 | info:139 |   patience: 50
2025-10-14 09:24:19 | INFO     | train_20251014_092419 | info:139 |   seed: 42
2025-10-14 09:24:19 | INFO     | train_20251014_092419 | info:139 |   deterministic: False
2025-10-14 09:24:19 | INFO     | train_20251014_092419 | info:139 | 
Training started...
2025-10-14 09:24:47 | ERROR    | train_20251014_092419 | error:147 | Training failed with error: CUDA out of memory. Tried to allocate 254.00 MiB. GPU 0 has a total capacity of 15.77 GiB of which 29.44 MiB is free. Including non-PyTorch memory, this process has 15.73 GiB memory in use. Of the allocated memory 14.50 GiB is allocated by PyTorch, and 850.59 MiB is reserved by PyTorch but unallocated. If reserved but unallocated memory is large try setting PYTORCH_CUDA_ALLOC_CONF=expandable_segments:True to avoid fragmentation.  See documentation for Memory Management  (https://pytorch.org/docs/stable/notes/cuda.html#environment-variables)
Traceback (most recent call last):
  File "/home/namannayak_16/final/yolov8/scripts/train.py", line 227, in train
    results = self.model.train(**train_args)
  File "/home/namannayak_16/final/yolov8/venv/lib/python3.10/site-packages/ultralytics/engine/model.py", line 800, in train
    self.trainer.train()
  File "/home/namannayak_16/final/yolov8/venv/lib/python3.10/site-packages/ultralytics/engine/trainer.py", line 236, in train
    self._do_train()
  File "/home/namannayak_16/final/yolov8/venv/lib/python3.10/site-packages/ultralytics/engine/trainer.py", line 420, in _do_train
    loss, self.loss_items = self.model(batch)
  File "/home/namannayak_16/final/yolov8/venv/lib/python3.10/site-packages/torch/nn/modules/module.py", line 1773, in _wrapped_call_impl
    return self._call_impl(*args, **kwargs)
  File "/home/namannayak_16/final/yolov8/venv/lib/python3.10/site-packages/torch/nn/modules/module.py", line 1784, in _call_impl
    return forward_call(*args, **kwargs)
  File "/home/namannayak_16/final/yolov8/venv/lib/python3.10/site-packages/ultralytics/nn/tasks.py", line 138, in forward
    return self.loss(x, *args, **kwargs)
  File "/home/namannayak_16/final/yolov8/venv/lib/python3.10/site-packages/ultralytics/nn/tasks.py", line 338, in loss
    preds = self.forward(batch["img"])
  File "/home/namannayak_16/final/yolov8/venv/lib/python3.10/site-packages/ultralytics/nn/tasks.py", line 139, in forward
    return self.predict(x, *args, **kwargs)
  File "/home/namannayak_16/final/yolov8/venv/lib/python3.10/site-packages/ultralytics/nn/tasks.py", line 157, in predict
    return self._predict_once(x, profile, visualize, embed)
  File "/home/namannayak_16/final/yolov8/venv/lib/python3.10/site-packages/ultralytics/nn/tasks.py", line 180, in _predict_once
    x = m(x)  # run
  File "/home/namannayak_16/final/yolov8/venv/lib/python3.10/site-packages/torch/nn/modules/module.py", line 1773, in _wrapped_call_impl
    return self._call_impl(*args, **kwargs)
  File "/home/namannayak_16/final/yolov8/venv/lib/python3.10/site-packages/torch/nn/modules/module.py", line 1784, in _call_impl
    return forward_call(*args, **kwargs)
  File "/home/namannayak_16/final/yolov8/venv/lib/python3.10/site-packages/ultralytics/nn/modules/block.py", line 319, in forward
    return self.cv2(torch.cat(y, 1))
torch.OutOfMemoryError: CUDA out of memory. Tried to allocate 254.00 MiB. GPU 0 has a total capacity of 15.77 GiB of which 29.44 MiB is free. Including non-PyTorch memory, this process has 15.73 GiB memory in use. Of the allocated memory 14.50 GiB is allocated by PyTorch, and 850.59 MiB is reserved by PyTorch but unallocated. If reserved but unallocated memory is large try setting PYTORCH_CUDA_ALLOC_CONF=expandable_segments:True to avoid fragmentation.  See documentation for Memory Management  (https://pytorch.org/docs/stable/notes/cuda.html#environment-variables)
